# JRE version: Java(TM) SE Runtime Environment (8.0_241-b07) (build 1.8.0_241-b07)
# Java VM: Java HotSpot(TM) 64-Bit Server VM (25.241-b07 mixed mode windows-amd64 compressed oops)
Heap:
 PSYoungGen      total 147968K, used 56311K [0x00000000f5580000, 0x0000000100000000, 0x0000000100000000)
  eden space 128512K, 31% used [0x00000000f5580000,0x00000000f7d4ce68,0x00000000fd300000)
  from space 19456K, 79% used [0x00000000fed00000,0x00000000ffc30de8,0x0000000100000000)
  to   space 23040K, 0% used [0x00000000fd300000,0x00000000fd300000,0x00000000fe980000)
 ParOldGen       total 175104K, used 36233K [0x00000000e0000000, 0x00000000eab00000, 0x00000000f5580000)
  object space 175104K, 20% used [0x00000000e0000000,0x00000000e23624e0,0x00000000eab00000)
 Metaspace       used 63356K, capacity 65838K, committed 66048K, reserved 1105920K
  class space    used 8771K, capacity 9420K, committed 9472K, reserved 1048576K
GC Heap History (10 events):
Event: 14.926 GC heap before
{Heap before GC invocations=7 (full 2):
 PSYoungGen      total 163840K, used 10721K [0x00000000f5580000, 0x0000000100000000, 0x0000000100000000)
  eden space 153088K, 0% used [0x00000000f5580000,0x00000000f5580000,0x00000000feb00000)
  from space 10752K, 99% used [0x00000000feb00000,0x00000000ff578508,0x00000000ff580000)
  to   space 10752K, 0% used [0x00000000ff580000,0x00000000ff580000,0x0000000100000000)
 ParOldGen       total 175104K, used 14893K [0x00000000e0000000, 0x00000000eab00000, 0x00000000f5580000)
  object space 175104K, 8% used [0x00000000e0000000,0x00000000e0e8b468,0x00000000eab00000)
 Metaspace       used 34584K, capacity 35374K, committed 35416K, reserved 1079296K
  class space    used 4877K, capacity 5107K, committed 5120K, reserved 1048576K
Event: 15.057 GC heap after
Heap after GC invocations=7 (full 2):
 PSYoungGen      total 163840K, used 0K [0x00000000f5580000, 0x0000000100000000, 0x0000000100000000)
  eden space 153088K, 0% used [0x00000000f5580000,0x00000000f5580000,0x00000000feb00000)
  from space 10752K, 0% used [0x00000000feb00000,0x00000000feb00000,0x00000000ff580000)
  to   space 10752K, 0% used [0x00000000ff580000,0x00000000ff580000,0x0000000100000000)
 ParOldGen       total 175104K, used 18922K [0x00000000e0000000, 0x00000000eab00000, 0x00000000f5580000)
  object space 175104K, 10% used [0x00000000e0000000,0x00000000e127aad0,0x00000000eab00000)
 Metaspace       used 34565K, capacity 35314K, committed 35416K, reserved 1079296K
  class space    used 4872K, capacity 5097K, committed 5120K, reserved 1048576K
}
Event: 18.593 GC heap before
{Heap before GC invocations=8 (full 2):
 PSYoungGen      total 163840K, used 153088K [0x00000000f5580000, 0x0000000100000000, 0x0000000100000000)
  eden space 153088K, 100% used [0x00000000f5580000,0x00000000feb00000,0x00000000feb00000)
  from space 10752K, 0% used [0x00000000feb00000,0x00000000feb00000,0x00000000ff580000)
  to   space 10752K, 0% used [0x00000000ff580000,0x00000000ff580000,0x0000000100000000)
 ParOldGen       total 175104K, used 18922K [0x00000000e0000000, 0x00000000eab00000, 0x00000000f5580000)
  object space 175104K, 10% used [0x00000000e0000000,0x00000000e127aad0,0x00000000eab00000)
 Metaspace       used 46641K, capacity 47934K, committed 48128K, reserved 1091584K
  class space    used 6442K, capacity 6829K, committed 6912K, reserved 1048576K
Event: 18.623 GC heap after
Heap after GC invocations=8 (full 2):
 PSYoungGen      total 146432K, used 10743K [0x00000000f5580000, 0x0000000100000000, 0x0000000100000000)
  eden space 135680K, 0% used [0x00000000f5580000,0x00000000f5580000,0x00000000fda00000)
  from space 10752K, 99% used [0x00000000ff580000,0x00000000ffffdce8,0x0000000100000000)
  to   space 19456K, 0% used [0x00000000fda00000,0x00000000fda00000,0x00000000fed00000)
 ParOldGen       total 175104K, used 26827K [0x00000000e0000000, 0x00000000eab00000, 0x00000000f5580000)
  object space 175104K, 15% used [0x00000000e0000000,0x00000000e1a32f28,0x00000000eab00000)
 Metaspace       used 46641K, capacity 47934K, committed 48128K, reserved 1091584K
  class space    used 6442K, capacity 6829K, committed 6912K, reserved 1048576K
}
Event: 24.292 GC heap before
{Heap before GC invocations=9 (full 2):
 PSYoungGen      total 146432K, used 127342K [0x00000000f5580000, 0x0000000100000000, 0x0000000100000000)
  eden space 135680K, 85% used [0x00000000f5580000,0x00000000fc75de18,0x00000000fda00000)
  from space 10752K, 99% used [0x00000000ff580000,0x00000000ffffdce8,0x0000000100000000)
  to   space 19456K, 0% used [0x00000000fda00000,0x00000000fda00000,0x00000000fed00000)
 ParOldGen       total 175104K, used 26827K [0x00000000e0000000, 0x00000000eab00000, 0x00000000f5580000)
  object space 175104K, 15% used [0x00000000e0000000,0x00000000e1a32f28,0x00000000eab00000)
 Metaspace       used 57134K, capacity 58748K, committed 59008K, reserved 1099776K
  class space    used 7862K, capacity 8297K, committed 8320K, reserved 1048576K
Event: 24.309 GC heap after
Heap after GC invocations=9 (full 2):
 PSYoungGen      total 155136K, used 19447K [0x00000000f5580000, 0x0000000100000000, 0x0000000100000000)
  eden space 135680K, 0% used [0x00000000f5580000,0x00000000f5580000,0x00000000fda00000)
  from space 19456K, 99% used [0x00000000fda00000,0x00000000fecfdfe0,0x00000000fed00000)
  to   space 19456K, 0% used [0x00000000fed00000,0x00000000fed00000,0x0000000100000000)
 ParOldGen       total 175104K, used 28955K [0x00000000e0000000, 0x00000000eab00000, 0x00000000f5580000)
  object space 175104K, 16% used [0x00000000e0000000,0x00000000e1c46c38,0x00000000eab00000)
 Metaspace       used 57134K, capacity 58748K, committed 59008K, reserved 1099776K
  class space    used 7862K, capacity 8297K, committed 8320K, reserved 1048576K
}
Event: 24.309 GC heap before
{Heap before GC invocations=10 (full 3):
 PSYoungGen      total 155136K, used 19447K [0x00000000f5580000, 0x0000000100000000, 0x0000000100000000)
  eden space 135680K, 0% used [0x00000000f5580000,0x00000000f5580000,0x00000000fda00000)
  from space 19456K, 99% used [0x00000000fda00000,0x00000000fecfdfe0,0x00000000fed00000)
  to   space 19456K, 0% used [0x00000000fed00000,0x00000000fed00000,0x0000000100000000)
 ParOldGen       total 175104K, used 28955K [0x00000000e0000000, 0x00000000eab00000, 0x00000000f5580000)
  object space 175104K, 16% used [0x00000000e0000000,0x00000000e1c46c38,0x00000000eab00000)
 Metaspace       used 57134K, capacity 58748K, committed 59008K, reserved 1099776K
  class space    used 7862K, capacity 8297K, committed 8320K, reserved 1048576K
Event: 24.461 GC heap after
Heap after GC invocations=10 (full 3):
 PSYoungGen      total 155136K, used 0K [0x00000000f5580000, 0x0000000100000000, 0x0000000100000000)
  eden space 135680K, 0% used [0x00000000f5580000,0x00000000f5580000,0x00000000fda00000)
  from space 19456K, 0% used [0x00000000fda00000,0x00000000fda00000,0x00000000fed00000)
  to   space 19456K, 0% used [0x00000000fed00000,0x00000000fed00000,0x0000000100000000)
 ParOldGen       total 175104K, used 36225K [0x00000000e0000000, 0x00000000eab00000, 0x00000000f5580000)
  object space 175104K, 20% used [0x00000000e0000000,0x00000000e23604e0,0x00000000eab00000)
 Metaspace       used 57134K, capacity 58748K, committed 59008K, reserved 1099776K
  class space    used 7862K, capacity 8297K, committed 8320K, reserved 1048576K
}
Event: 26.451 GC heap before
{Heap before GC invocations=11 (full 3):
 PSYoungGen      total 155136K, used 135680K [0x00000000f5580000, 0x0000000100000000, 0x0000000100000000)
  eden space 135680K, 100% used [0x00000000f5580000,0x00000000fda00000,0x00000000fda00000)
  from space 19456K, 0% used [0x00000000fda00000,0x00000000fda00000,0x00000000fed00000)
  to   space 19456K, 0% used [0x00000000fed00000,0x00000000fed00000,0x0000000100000000)
 ParOldGen       total 175104K, used 36225K [0x00000000e0000000, 0x00000000eab00000, 0x00000000f5580000)
  object space 175104K, 20% used [0x00000000e0000000,0x00000000e23604e0,0x00000000eab00000)
 Metaspace       used 62382K, capacity 64660K, committed 64896K, reserved 1105920K
  class space    used 8679K, capacity 9301K, committed 9344K, reserved 1048576K
Event: 26.470 GC heap after
Heap after GC invocations=11 (full 3):
 PSYoungGen      total 147968K, used 15555K [0x00000000f5580000, 0x0000000100000000, 0x0000000100000000)
  eden space 128512K, 0% used [0x00000000f5580000,0x00000000f5580000,0x00000000fd300000)
  from space 19456K, 79% used [0x00000000fed00000,0x00000000ffc30de8,0x0000000100000000)
  to   space 23040K, 0% used [0x00000000fd300000,0x00000000fd300000,0x00000000fe980000)
 ParOldGen       total 175104K, used 36233K [0x00000000e0000000, 0x00000000eab00000, 0x00000000f5580000)
  object space 175104K, 20% used [0x00000000e0000000,0x00000000e23624e0,0x00000000eab00000)
 Metaspace       used 62382K, capacity 64660K, committed 64896K, reserved 1105920K
  class space    used 8679K, capacity 9301K, committed 9344K, reserved 1048576K
}

