# JRE version: Java(TM) SE Runtime Environment (8.0_241-b07) (build 1.8.0_241-b07)
# Java VM: Java HotSpot(TM) 64-Bit Server VM (25.241-b07 mixed mode windows-amd64 compressed oops)
Heap:
 PSYoungGen      total 128000K, used 19813K [0x00000000f5580000, 0x0000000100000000, 0x0000000100000000)
  eden space 81408K, 24% used [0x00000000f5580000,0x00000000f68d95d0,0x00000000fa500000)
  from space 46592K, 0% used [0x00000000fa500000,0x00000000fa500000,0x00000000fd280000)
  to   space 44032K, 0% used [0x00000000fd500000,0x00000000fd500000,0x0000000100000000)
 ParOldGen       total 349696K, used 193492K [0x00000000e0000000, 0x00000000f5580000, 0x00000000f5580000)
  object space 349696K, 55% used [0x00000000e0000000,0x00000000ebcf5218,0x00000000f5580000)
 Metaspace       used 98433K, capacity 102686K, committed 103628K, reserved 1138688K
  class space    used 12797K, capacity 13767K, committed 14080K, reserved 1048576K
GC Heap History (10 events):
Event: 78.106 GC heap before
{Heap before GC invocations=91 (full 5):
 PSYoungGen      total 161792K, used 161772K [0x00000000f5580000, 0x0000000100000000, 0x0000000100000000)
  eden space 150016K, 100% used [0x00000000f5580000,0x00000000fe800000,0x00000000fe800000)
  from space 11776K, 99% used [0x00000000fe800000,0x00000000ff37b008,0x00000000ff380000)
  to   space 12800K, 0% used [0x00000000ff380000,0x00000000ff380000,0x0000000100000000)
 ParOldGen       total 335360K, used 211082K [0x00000000e0000000, 0x00000000f4780000, 0x00000000f5580000)
  object space 335360K, 62% used [0x00000000e0000000,0x00000000ece22b50,0x00000000f4780000)
 Metaspace       used 97823K, capacity 102014K, committed 103116K, reserved 1138688K
  class space    used 12740K, capacity 13711K, committed 14080K, reserved 1048576K
Event: 78.117 GC heap after
Heap after GC invocations=91 (full 5):
 PSYoungGen      total 157696K, used 1664K [0x00000000f5580000, 0x0000000100000000, 0x0000000100000000)
  eden space 144896K, 0% used [0x00000000f5580000,0x00000000f5580000,0x00000000fe300000)
  from space 12800K, 13% used [0x00000000ff380000,0x00000000ff520000,0x0000000100000000)
  to   space 14848K, 0% used [0x00000000fe300000,0x00000000fe300000,0x00000000ff180000)
 ParOldGen       total 335360K, used 218219K [0x00000000e0000000, 0x00000000f4780000, 0x00000000f5580000)
  object space 335360K, 65% used [0x00000000e0000000,0x00000000ed51aec8,0x00000000f4780000)
 Metaspace       used 97823K, capacity 102014K, committed 103116K, reserved 1138688K
  class space    used 12740K, capacity 13711K, committed 14080K, reserved 1048576K
}
Event: 80.439 GC heap before
{Heap before GC invocations=92 (full 5):
 PSYoungGen      total 157696K, used 146560K [0x00000000f5580000, 0x0000000100000000, 0x0000000100000000)
  eden space 144896K, 100% used [0x00000000f5580000,0x00000000fe300000,0x00000000fe300000)
  from space 12800K, 13% used [0x00000000ff380000,0x00000000ff520000,0x0000000100000000)
  to   space 14848K, 0% used [0x00000000fe300000,0x00000000fe300000,0x00000000ff180000)
 ParOldGen       total 335360K, used 218219K [0x00000000e0000000, 0x00000000f4780000, 0x00000000f5580000)
  object space 335360K, 65% used [0x00000000e0000000,0x00000000ed51aec8,0x00000000f4780000)
 Metaspace       used 98030K, capacity 102288K, committed 103116K, reserved 1138688K
  class space    used 12765K, capacity 13754K, committed 14080K, reserved 1048576K
Event: 80.472 GC heap after
Heap after GC invocations=92 (full 5):
 PSYoungGen      total 159744K, used 14829K [0x00000000f5580000, 0x0000000100000000, 0x0000000100000000)
  eden space 144896K, 0% used [0x00000000f5580000,0x00000000f5580000,0x00000000fe300000)
  from space 14848K, 99% used [0x00000000fe300000,0x00000000ff17b5d8,0x00000000ff180000)
  to   space 14848K, 0% used [0x00000000ff180000,0x00000000ff180000,0x0000000100000000)
 ParOldGen       total 335360K, used 239699K [0x00000000e0000000, 0x00000000f4780000, 0x00000000f5580000)
  object space 335360K, 71% used [0x00000000e0000000,0x00000000eea14ee0,0x00000000f4780000)
 Metaspace       used 98030K, capacity 102288K, committed 103116K, reserved 1138688K
  class space    used 12765K, capacity 13754K, committed 14080K, reserved 1048576K
}
Event: 82.110 GC heap before
{Heap before GC invocations=93 (full 5):
 PSYoungGen      total 159744K, used 159725K [0x00000000f5580000, 0x0000000100000000, 0x0000000100000000)
  eden space 144896K, 100% used [0x00000000f5580000,0x00000000fe300000,0x00000000fe300000)
  from space 14848K, 99% used [0x00000000fe300000,0x00000000ff17b5d8,0x00000000ff180000)
  to   space 14848K, 0% used [0x00000000ff180000,0x00000000ff180000,0x0000000100000000)
 ParOldGen       total 335360K, used 239699K [0x00000000e0000000, 0x00000000f4780000, 0x00000000f5580000)
  object space 335360K, 71% used [0x00000000e0000000,0x00000000eea14ee0,0x00000000f4780000)
 Metaspace       used 98451K, capacity 102784K, committed 103628K, reserved 1138688K
  class space    used 12810K, capacity 13790K, committed 14080K, reserved 1048576K
Event: 82.175 GC heap after
Heap after GC invocations=93 (full 5):
 PSYoungGen      total 96256K, used 14825K [0x00000000f5580000, 0x0000000100000000, 0x0000000100000000)
  eden space 81408K, 0% used [0x00000000f5580000,0x00000000f5580000,0x00000000fa500000)
  from space 14848K, 99% used [0x00000000ff180000,0x00000000ffffa7a8,0x0000000100000000)
  to   space 46592K, 0% used [0x00000000fa500000,0x00000000fa500000,0x00000000fd280000)
 ParOldGen       total 335360K, used 296901K [0x00000000e0000000, 0x00000000f4780000, 0x00000000f5580000)
  object space 335360K, 88% used [0x00000000e0000000,0x00000000f21f1748,0x00000000f4780000)
 Metaspace       used 98451K, capacity 102784K, committed 103628K, reserved 1138688K
  class space    used 12810K, capacity 13790K, committed 14080K, reserved 1048576K
}
Event: 82.467 GC heap before
{Heap before GC invocations=94 (full 5):
 PSYoungGen      total 96256K, used 96233K [0x00000000f5580000, 0x0000000100000000, 0x0000000100000000)
  eden space 81408K, 100% used [0x00000000f5580000,0x00000000fa500000,0x00000000fa500000)
  from space 14848K, 99% used [0x00000000ff180000,0x00000000ffffa7a8,0x0000000100000000)
  to   space 46592K, 0% used [0x00000000fa500000,0x00000000fa500000,0x00000000fd280000)
 ParOldGen       total 335360K, used 296901K [0x00000000e0000000, 0x00000000f4780000, 0x00000000f5580000)
  object space 335360K, 88% used [0x00000000e0000000,0x00000000f21f1748,0x00000000f4780000)
 Metaspace       used 98451K, capacity 102784K, committed 103628K, reserved 1138688K
  class space    used 12810K, capacity 13790K, committed 14080K, reserved 1048576K
Event: 82.501 GC heap after
Heap after GC invocations=94 (full 5):
 PSYoungGen      total 128000K, used 17439K [0x00000000f5580000, 0x0000000100000000, 0x0000000100000000)
  eden space 81408K, 0% used [0x00000000f5580000,0x00000000f5580000,0x00000000fa500000)
  from space 46592K, 37% used [0x00000000fa500000,0x00000000fb607f28,0x00000000fd280000)
  to   space 44032K, 0% used [0x00000000fd500000,0x00000000fd500000,0x0000000100000000)
 ParOldGen       total 335360K, used 311751K [0x00000000e0000000, 0x00000000f4780000, 0x00000000f5580000)
  object space 335360K, 92% used [0x00000000e0000000,0x00000000f3071e90,0x00000000f4780000)
 Metaspace       used 98451K, capacity 102784K, committed 103628K, reserved 1138688K
  class space    used 12810K, capacity 13790K, committed 14080K, reserved 1048576K
}
Event: 82.501 GC heap before
{Heap before GC invocations=95 (full 6):
 PSYoungGen      total 128000K, used 17439K [0x00000000f5580000, 0x0000000100000000, 0x0000000100000000)
  eden space 81408K, 0% used [0x00000000f5580000,0x00000000f5580000,0x00000000fa500000)
  from space 46592K, 37% used [0x00000000fa500000,0x00000000fb607f28,0x00000000fd280000)
  to   space 44032K, 0% used [0x00000000fd500000,0x00000000fd500000,0x0000000100000000)
 ParOldGen       total 335360K, used 311751K [0x00000000e0000000, 0x00000000f4780000, 0x00000000f5580000)
  object space 335360K, 92% used [0x00000000e0000000,0x00000000f3071e90,0x00000000f4780000)
 Metaspace       used 98451K, capacity 102784K, committed 103628K, reserved 1138688K
  class space    used 12810K, capacity 13790K, committed 14080K, reserved 1048576K
Event: 83.076 GC heap after
Heap after GC invocations=95 (full 6):
 PSYoungGen      total 128000K, used 0K [0x00000000f5580000, 0x0000000100000000, 0x0000000100000000)
  eden space 81408K, 0% used [0x00000000f5580000,0x00000000f5580000,0x00000000fa500000)
  from space 46592K, 0% used [0x00000000fa500000,0x00000000fa500000,0x00000000fd280000)
  to   space 44032K, 0% used [0x00000000fd500000,0x00000000fd500000,0x0000000100000000)
 ParOldGen       total 349696K, used 193492K [0x00000000e0000000, 0x00000000f5580000, 0x00000000f5580000)
  object space 349696K, 55% used [0x00000000e0000000,0x00000000ebcf5218,0x00000000f5580000)
 Metaspace       used 98415K, capacity 102686K, committed 103628K, reserved 1138688K
  class space    used 12797K, capacity 13767K, committed 14080K, reserved 1048576K
}

