# JRE version: OpenJDK Runtime Environment (8.0_212-b04) (build 1.8.0_212-release-1586-b04)
# Java VM: OpenJDK 64-Bit Server VM (25.212-b04 mixed mode windows-amd64 compressed oops)
Heap:
 PSYoungGen      total 124928K, used 60822K [0x00000000f5580000, 0x00000000ffd80000, 0x0000000100000000)
  eden space 79872K, 75% used [0x00000000f5580000,0x00000000f905db80,0x00000000fa380000)
  from space 45056K, 1% used [0x00000000fd180000,0x00000000fd208000,0x00000000ffd80000)
  to   space 46080K, 0% used [0x00000000fa380000,0x00000000fa380000,0x00000000fd080000)
 ParOldGen       total 349696K, used 82340K [0x00000000e0000000, 0x00000000f5580000, 0x00000000f5580000)
  object space 349696K, 23% used [0x00000000e0000000,0x00000000e5069348,0x00000000f5580000)
 Metaspace       used 93738K, capacity 99046K, committed 100120K, reserved 1136640K
  class space    used 11930K, capacity 13072K, committed 13336K, reserved 1048576K
GC Heap History (10 events):
Event: 808.676 GC heap before
{Heap before GC invocations=46 (full 3):
 PSYoungGen      total 120320K, used 56643K [0x00000000f5580000, 0x00000000ffb80000, 0x0000000100000000)
  eden space 73728K, 45% used [0x00000000f5580000,0x00000000f768eb88,0x00000000f9d80000)
  from space 46592K, 48% used [0x00000000fce00000,0x00000000fe442170,0x00000000ffb80000)
  to   space 48128K, 0% used [0x00000000f9d80000,0x00000000f9d80000,0x00000000fcc80000)
 ParOldGen       total 251392K, used 107903K [0x00000000e0000000, 0x00000000ef580000, 0x00000000f5580000)
  object space 251392K, 42% used [0x00000000e0000000,0x00000000e695fd50,0x00000000ef580000)
 Metaspace       used 92656K, capacity 98536K, committed 98600K, reserved 1134592K
  class space    used 11917K, capacity 13196K, committed 13208K, reserved 1048576K
Event: 808.708 GC heap after
Heap after GC invocations=46 (full 3):
 PSYoungGen      total 121856K, used 2005K [0x00000000f5580000, 0x0000000100000000, 0x0000000100000000)
  eden space 73728K, 0% used [0x00000000f5580000,0x00000000f5580000,0x00000000f9d80000)
  from space 48128K, 4% used [0x00000000f9d80000,0x00000000f9f756d8,0x00000000fcc80000)
  to   space 48128K, 0% used [0x00000000fd100000,0x00000000fd100000,0x0000000100000000)
 ParOldGen       total 251392K, used 129963K [0x00000000e0000000, 0x00000000ef580000, 0x00000000f5580000)
  object space 251392K, 51% used [0x00000000e0000000,0x00000000e7eeaf00,0x00000000ef580000)
 Metaspace       used 92656K, capacity 98536K, committed 98600K, reserved 1134592K
  class space    used 11917K, capacity 13196K, committed 13208K, reserved 1048576K
}
Event: 808.709 GC heap before
{Heap before GC invocations=47 (full 4):
 PSYoungGen      total 121856K, used 2005K [0x00000000f5580000, 0x0000000100000000, 0x0000000100000000)
  eden space 73728K, 0% used [0x00000000f5580000,0x00000000f5580000,0x00000000f9d80000)
  from space 48128K, 4% used [0x00000000f9d80000,0x00000000f9f756d8,0x00000000fcc80000)
  to   space 48128K, 0% used [0x00000000fd100000,0x00000000fd100000,0x0000000100000000)
 ParOldGen       total 251392K, used 129963K [0x00000000e0000000, 0x00000000ef580000, 0x00000000f5580000)
  object space 251392K, 51% used [0x00000000e0000000,0x00000000e7eeaf00,0x00000000ef580000)
 Metaspace       used 92656K, capacity 98536K, committed 98600K, reserved 1134592K
  class space    used 11917K, capacity 13196K, committed 13208K, reserved 1048576K
Event: 809.075 GC heap after
Heap after GC invocations=47 (full 4):
 PSYoungGen      total 121856K, used 0K [0x00000000f5580000, 0x0000000100000000, 0x0000000100000000)
  eden space 73728K, 0% used [0x00000000f5580000,0x00000000f5580000,0x00000000f9d80000)
  from space 48128K, 0% used [0x00000000f9d80000,0x00000000f9d80000,0x00000000fcc80000)
  to   space 48128K, 0% used [0x00000000fd100000,0x00000000fd100000,0x0000000100000000)
 ParOldGen       total 349696K, used 79846K [0x00000000e0000000, 0x00000000f5580000, 0x00000000f5580000)
  object space 349696K, 22% used [0x00000000e0000000,0x00000000e4df9b18,0x00000000f5580000)
 Metaspace       used 91981K, capacity 97166K, committed 98600K, reserved 1134592K
  class space    used 11745K, capacity 12886K, committed 13208K, reserved 1048576K
}
Event: 811.514 GC heap before
{Heap before GC invocations=48 (full 4):
 PSYoungGen      total 121856K, used 73728K [0x00000000f5580000, 0x0000000100000000, 0x0000000100000000)
  eden space 73728K, 100% used [0x00000000f5580000,0x00000000f9d80000,0x00000000f9d80000)
  from space 48128K, 0% used [0x00000000f9d80000,0x00000000f9d80000,0x00000000fcc80000)
  to   space 48128K, 0% used [0x00000000fd100000,0x00000000fd100000,0x0000000100000000)
 ParOldGen       total 349696K, used 79846K [0x00000000e0000000, 0x00000000f5580000, 0x00000000f5580000)
  object space 349696K, 22% used [0x00000000e0000000,0x00000000e4df9b18,0x00000000f5580000)
 Metaspace       used 93548K, capacity 98816K, committed 99864K, reserved 1136640K
  class space    used 11910K, capacity 13039K, committed 13336K, reserved 1048576K
Event: 811.526 GC heap after
Heap after GC invocations=48 (full 4):
 PSYoungGen      total 125440K, used 3600K [0x00000000f5580000, 0x00000000fff00000, 0x0000000100000000)
  eden space 78336K, 0% used [0x00000000f5580000,0x00000000f5580000,0x00000000fa200000)
  from space 47104K, 7% used [0x00000000fd100000,0x00000000fd484240,0x00000000fff00000)
  to   space 47616K, 0% used [0x00000000fa200000,0x00000000fa200000,0x00000000fd080000)
 ParOldGen       total 349696K, used 79854K [0x00000000e0000000, 0x00000000f5580000, 0x00000000f5580000)
  object space 349696K, 22% used [0x00000000e0000000,0x00000000e4dfbb18,0x00000000f5580000)
 Metaspace       used 93548K, capacity 98816K, committed 99864K, reserved 1136640K
  class space    used 11910K, capacity 13039K, committed 13336K, reserved 1048576K
}
Event: 812.206 GC heap before
{Heap before GC invocations=49 (full 4):
 PSYoungGen      total 125440K, used 81936K [0x00000000f5580000, 0x00000000fff00000, 0x0000000100000000)
  eden space 78336K, 100% used [0x00000000f5580000,0x00000000fa200000,0x00000000fa200000)
  from space 47104K, 7% used [0x00000000fd100000,0x00000000fd484240,0x00000000fff00000)
  to   space 47616K, 0% used [0x00000000fa200000,0x00000000fa200000,0x00000000fd080000)
 ParOldGen       total 349696K, used 79854K [0x00000000e0000000, 0x00000000f5580000, 0x00000000f5580000)
  object space 349696K, 22% used [0x00000000e0000000,0x00000000e4dfbb18,0x00000000f5580000)
 Metaspace       used 93734K, capacity 99046K, committed 100120K, reserved 1136640K
  class space    used 11929K, capacity 13072K, committed 13336K, reserved 1048576K
Event: 812.214 GC heap after
Heap after GC invocations=49 (full 4):
 PSYoungGen      total 125952K, used 642K [0x00000000f5580000, 0x00000000fff80000, 0x0000000100000000)
  eden space 78336K, 0% used [0x00000000f5580000,0x00000000f5580000,0x00000000fa200000)
  from space 47616K, 1% used [0x00000000fa200000,0x00000000fa2a0a58,0x00000000fd080000)
  to   space 47104K, 0% used [0x00000000fd180000,0x00000000fd180000,0x00000000fff80000)
 ParOldGen       total 349696K, used 82072K [0x00000000e0000000, 0x00000000f5580000, 0x00000000f5580000)
  object space 349696K, 23% used [0x00000000e0000000,0x00000000e5026318,0x00000000f5580000)
 Metaspace       used 93734K, capacity 99046K, committed 100120K, reserved 1136640K
  class space    used 11929K, capacity 13072K, committed 13336K, reserved 1048576K
}
Event: 812.770 GC heap before
{Heap before GC invocations=50 (full 4):
 PSYoungGen      total 125952K, used 78978K [0x00000000f5580000, 0x00000000fff80000, 0x0000000100000000)
  eden space 78336K, 100% used [0x00000000f5580000,0x00000000fa200000,0x00000000fa200000)
  from space 47616K, 1% used [0x00000000fa200000,0x00000000fa2a0a58,0x00000000fd080000)
  to   space 47104K, 0% used [0x00000000fd180000,0x00000000fd180000,0x00000000fff80000)
 ParOldGen       total 349696K, used 82072K [0x00000000e0000000, 0x00000000f5580000, 0x00000000f5580000)
  object space 349696K, 23% used [0x00000000e0000000,0x00000000e5026318,0x00000000f5580000)
 Metaspace       used 93738K, capacity 99046K, committed 100120K, reserved 1136640K
  class space    used 11930K, capacity 13072K, committed 13336K, reserved 1048576K
Event: 812.777 GC heap after
Heap after GC invocations=50 (full 4):
 PSYoungGen      total 124928K, used 544K [0x00000000f5580000, 0x00000000ffd80000, 0x0000000100000000)
  eden space 79872K, 0% used [0x00000000f5580000,0x00000000f5580000,0x00000000fa380000)
  from space 45056K, 1% used [0x00000000fd180000,0x00000000fd208000,0x00000000ffd80000)
  to   space 46080K, 0% used [0x00000000fa380000,0x00000000fa380000,0x00000000fd080000)
 ParOldGen       total 349696K, used 82340K [0x00000000e0000000, 0x00000000f5580000, 0x00000000f5580000)
  object space 349696K, 23% used [0x00000000e0000000,0x00000000e5069348,0x00000000f5580000)
 Metaspace       used 93738K, capacity 99046K, committed 100120K, reserved 1136640K
  class space    used 11930K, capacity 13072K, committed 13336K, reserved 1048576K
}

